Проверим, что файл был скачан во все пулы:
/otus1:
total 22067
-rw-r--r-- 1 root root 41016061 Feb  2 08:53 pg2600.converter.log

/otus2:
total 17994
-rw-r--r-- 1 root root 41016061 Feb  2 08:53 pg2600.converter.log

/otus3:
total 10959
-rw-r--r-- 1 root root 41016061 Feb  2 08:53 pg2600.converter.log

/otus4:
total 34846
-rw-r--r-- 1 root root 41016061 Feb  2 08:53 pg2600.converter.log

Проверим, сколько места занимает один и тот же файл в разных пулах и проверим степень сжатия файлов:
NAME    USED  AVAIL     REFER  MOUNTPOINT
otus1  21.7M   330M     21.6M  /otus1
otus2  17.7M   334M     17.6M  /otus2
otus3  10.8M   341M     10.7M  /otus3
otus4  34.2M   318M     34.1M  /otus4
otus1  compressratio         1.81x                  -
otus2  compressratio         2.22x                  -
otus3  compressratio         3.64x                  -
otus4  compressratio         1.00x                  -

 Проверим, возможно ли импортировать данный каталог в пул:
   pool: otus
     id: 6554193320433390805
  state: ONLINE
status: Some supported features are not enabled on the pool.
	(Note that they may be intentionally disabled if the
	'compatibility' property is set.)
 action: The pool can be imported using its name or numeric identifier, though
	some features will not be available without an explicit 'zpool upgrade'.
 config:

	otus                         ONLINE
	  mirror-0                   ONLINE
	    /root/zpoolexport/filea  ONLINE
	    /root/zpoolexport/fileb  ONLINE

Сделаем импорт данного пула к нам в ОС:
  pool: otus
 state: ONLINE
status: Some supported and requested features are not enabled on the pool.
	The pool can still be used, but some features are unavailable.
action: Enable all features using 'zpool upgrade'. Once this is done,
	the pool may no longer be accessible by software that does not support
	the features. See zpool-features(7) for details.
config:

	NAME                         STATE     READ WRITE CKSUM
	otus                         ONLINE       0     0     0
	  mirror-0                   ONLINE       0     0     0
	    /root/zpoolexport/filea  ONLINE       0     0     0
	    /root/zpoolexport/fileb  ONLINE       0     0     0

errors: No known data errors

  pool: otus1
 state: ONLINE
config:

	NAME                                 STATE     READ WRITE CKSUM
	otus1                                ONLINE       0     0     0
	  mirror-0                           ONLINE       0     0     0
	    pci-0000:00:16.0-sas-phy1-lun-0  ONLINE       0     0     0
	    pci-0000:00:16.0-sas-phy2-lun-0  ONLINE       0     0     0

errors: No known data errors

  pool: otus2
 state: ONLINE
config:

	NAME                                 STATE     READ WRITE CKSUM
	otus2                                ONLINE       0     0     0
	  mirror-0                           ONLINE       0     0     0
	    pci-0000:00:16.0-sas-phy3-lun-0  ONLINE       0     0     0
	    pci-0000:00:16.0-sas-phy4-lun-0  ONLINE       0     0     0

errors: No known data errors

  pool: otus3
 state: ONLINE
config:

	NAME                                 STATE     READ WRITE CKSUM
	otus3                                ONLINE       0     0     0
	  mirror-0                           ONLINE       0     0     0
	    pci-0000:00:16.0-sas-phy5-lun-0  ONLINE       0     0     0
	    pci-0000:00:16.0-sas-phy6-lun-0  ONLINE       0     0     0

errors: No known data errors

  pool: otus4
 state: ONLINE
config:

	NAME                                 STATE     READ WRITE CKSUM
	otus4                                ONLINE       0     0     0
	  mirror-0                           ONLINE       0     0     0
	    pci-0000:00:16.0-sas-phy7-lun-0  ONLINE       0     0     0
	    pci-0000:00:16.0-sas-phy8-lun-0  ONLINE       0     0     0

errors: No known data errors
NAME  PROPERTY              VALUE                  SOURCE
otus  type                  filesystem             -
otus  creation              Fri May 15  4:00 2020  -
otus  used                  2.04M                  -
otus  available             350M                   -
otus  referenced            24K                    -
otus  compressratio         1.00x                  -
otus  mounted               yes                    -
otus  quota                 none                   default
otus  reservation           none                   default
otus  recordsize            128K                   local
otus  mountpoint            /otus                  default
otus  sharenfs              off                    default
otus  checksum              sha256                 local
otus  compression           zle                    local
otus  atime                 on                     default
otus  devices               on                     default
otus  exec                  on                     default
otus  setuid                on                     default
otus  readonly              off                    default
otus  zoned                 off                    default
otus  snapdir               hidden                 default
otus  aclmode               discard                default
otus  aclinherit            restricted             default
otus  createtxg             1                      -
otus  canmount              on                     default
otus  xattr                 on                     default
otus  copies                1                      default
otus  version               5                      -
otus  utf8only              off                    -
otus  normalization         none                   -
otus  casesensitivity       sensitive              -
otus  vscan                 off                    default
otus  nbmand                off                    default
otus  sharesmb              off                    default
otus  refquota              none                   default
otus  refreservation        none                   default
otus  guid                  14592242904030363272   -
otus  primarycache          all                    default
otus  secondarycache        all                    default
otus  usedbysnapshots       0B                     -
otus  usedbydataset         24K                    -
otus  usedbychildren        2.01M                  -
otus  usedbyrefreservation  0B                     -
otus  logbias               latency                default
otus  objsetid              54                     -
otus  dedup                 off                    default
otus  mlslabel              none                   default
otus  sync                  standard               default
otus  dnodesize             legacy                 default
otus  refcompressratio      1.00x                  -
otus  written               24K                    -
otus  logicalused           1020K                  -
otus  logicalreferenced     12K                    -
otus  volmode               default                default
otus  filesystem_limit      none                   default
otus  snapshot_limit        none                   default
otus  filesystem_count      none                   default
otus  snapshot_count        none                   default
otus  snapdev               hidden                 default
otus  acltype               off                    default
otus  context               none                   default
otus  fscontext             none                   default
otus  defcontext            none                   default
otus  rootcontext           none                   default
otus  relatime              off                    default
otus  redundant_metadata    all                    default
otus  overlay               on                     default
otus  encryption            off                    default
otus  keylocation           none                   default
otus  keyformat             none                   default
otus  pbkdf2iters           0                      default
otus  special_small_blocks  0                      default

Размер: zfs get available otus
NAME  PROPERTY   VALUE  SOURCE
otus  available  350M   -

 Тип: zfs get readonly otus
NAME  PROPERTY  VALUE   SOURCE
otus  readonly  off     default

Значение recordsize: zfs get recordsize otus
NAME  PROPERTY    VALUE    SOURCE
otus  recordsize  128K     local

Тип сжатия (или параметр отключения): zfs get compression otus
NAME  PROPERTY     VALUE           SOURCE
otus  compression  zle             local

Тип контрольной суммы: zfs get checksum otus
NAME  PROPERTY  VALUE      SOURCE
otus  checksum  sha256     local

ищем в каталоге /otus/test файл с именем 'secret_message':
/otus/test/task1/file_mess/secret_message

Смотрим содержимое найденного файла:
https://otus.ru/lessons/linux-hl/

